Arguments: 
  C:\Program Files\nodejs\node.exe C:\Program Files (x86)\Yarn\bin\yarn.js add @types/typeorm -D

PATH: 
  C:\Users\mlppaula\bin;C:\Program Files\Git\mingw64\bin;C:\Program Files\Git\usr\local\bin;C:\Program Files\Git\usr\bin;C:\Program Files\Git\usr\bin;C:\Program Files\Git\mingw64\bin;C:\Program Files\Git\usr\bin;C:\Users\mlppaula\bin;C:\app\roinacio\product\11.2.0\client_2\bin;C:\app\roinacio\product\11.2.0\client_1\bin;C:\Windows\system32;C:\Windows;C:\Windows\System32\Wbem;C:\Windows\System32\WindowsPowerShell\v1.0;C:\Windows\System32\OpenSSH;C:\instantclient_19_12;C:\Program Files\Git\cmd;C:\ProgramData\chocolatey\bin;C:\Program Files (x86)\Yarn\bin;C:\Program Files\Microsoft SQL Server\Client SDK\ODBC\170\Tools\Binn;C:\Program Files (x86)\Microsoft SQL Server\150\Tools\Binn;C:\Program Files\Microsoft SQL Server\150\Tools\Binn;C:\Program Files\Microsoft SQL Server\150\DTS\Binn;C:\Program Files (x86)\Microsoft SQL Server\150\DTS\Binn;C:\Program Files\Azure Data Studio\bin;C:\Program Files\nodejs;C:\xampp\php;C:\composer;C:\Users\mlppaula\AppData\Local\Programs\Python\Python310\Scripts;C:\Users\mlppaula\AppData\Local\Programs\Python\Python310;C:\Users\mlppaula\AppData\Local\Microsoft\WindowsApps;C:\Users\mlppaula\AppData\Local\Programs\Microsoft VS Code\bin;C:\Users\mlppaula\AppData\Local\Yarn\bin;C:\Program Files\nodejs;C:\Program Files (x86)\Yarn\bin;C:\instantclient_19_12;C:\Program Files\Azure Data Studio\bin;C:\Users\mlppaula\AppData\Roaming\npm;C:\Users\mlppaula\AppData\Roaming\Composer\vendor\bin;C:\Program Files\Git\usr\bin\vendor_perl;C:\Program Files\Git\usr\bin\core_perl

Yarn version: 
  1.22.15

Node version: 
  14.18.1

Platform: 
  win32 x64

Trace: 
  Error: https://registry.yarnpkg.com/@types%2ftypeorm: Not found
      at Request.params.callback [as _callback] (C:\Program Files (x86)\Yarn\lib\cli.js:66140:18)
      at Request.self.callback (C:\Program Files (x86)\Yarn\lib\cli.js:140885:22)
      at Request.emit (events.js:400:28)
      at Request.<anonymous> (C:\Program Files (x86)\Yarn\lib\cli.js:141857:10)
      at Request.emit (events.js:400:28)
      at IncomingMessage.<anonymous> (C:\Program Files (x86)\Yarn\lib\cli.js:141779:12)
      at Object.onceWrapper (events.js:519:28)
      at IncomingMessage.emit (events.js:412:35)
      at endReadableNT (internal/streams/readable.js:1334:12)
      at processTicksAndRejections (internal/process/task_queues.js:82:21)

npm manifest: 
  {
     "name": "agd_adm_crud",
     "version": "0.0.1",
     "description": "Awesome project developed with TypeORM.",
     "devDependencies": {
        "ts-node": "3.3.0",
        "@types/node": "^8.0.29",
        "typescript": "3.3.3333"
     },
     "dependencies": {
        "typeorm": "0.2.40",
        "reflect-metadata": "^0.1.10"
     },
     "scripts": {
        "start": "ts-node src/index.ts",
        "typeorm": "node --require ts-node/register ./node_modules/typeorm/cli.js"
     }
  }

yarn manifest: 
  No manifest

Lockfile: 
  No lockfile
